#-----------------------------------------------------------
# Vivado v2019.1 (64-bit)
# SW Build 2552052 on Fri May 24 14:49:42 MDT 2019
# IP Build 2548770 on Fri May 24 18:01:18 MDT 2019
# Start of session at: Wed Sep  8 12:16:54 2021
# Process ID: 14024
# Current directory: D:/College/Forth Year/System On Chip/VHDL/Lab_CSR_4x32Reg/CSR_4x32Reg/xilinxprj
# Command line: vivado.exe -gui_launcher_event rodinguilauncherevent5932 D:\College\Forth Year\System On Chip\VHDL\Lab_CSR_4x32Reg\CSR_4x32Reg\xilinxprj\CSR_4x32Reg.xpr
# Log file: D:/College/Forth Year/System On Chip/VHDL/Lab_CSR_4x32Reg/CSR_4x32Reg/xilinxprj/vivado.log
# Journal file: D:/College/Forth Year/System On Chip/VHDL/Lab_CSR_4x32Reg/CSR_4x32Reg/xilinxprj\vivado.jou
#-----------------------------------------------------------
start_gui
open_project {D:/College/Forth Year/System On Chip/VHDL/Lab_CSR_4x32Reg/CSR_4x32Reg/xilinxprj/CSR_4x32Reg.xpr}
CRITICAL WARNING: [Project 1-19] Could not find the file 'D:/College/Forth Year/System On Chip/pkgAndComponents/arrayPackage.vhd'.
Scanning sources...
Finished scanning sources
WARNING: [filemgmt 56-3] Board Part Repository Path: Could not find the directory 'D:/../../../../../Users/0004322S/AppData/Roaming/Xilinx/Vivado/2019.1/xhub/board_store'.
INFO: [IP_Flow 19-234] Refreshing IP repositories
INFO: [IP_Flow 19-1704] No user IP repositories specified
INFO: [IP_Flow 19-2313] Loaded Vivado IP repository 'C:/Xilinx/Vivado/2019.1/data/ip'.
open_project: Time (s): cpu = 00:00:20 ; elapsed = 00:00:07 . Memory (MB): peak = 793.504 ; gain = 155.875
update_compile_order -fileset sources_1
exit
INFO: [Common 17-206] Exiting Vivado at Wed Sep  8 12:17:26 2021...
